Start testing: Nov 20 18:52 MSK
----------------------------------------------------------
Unable to find executable: /Users/macbook/workspace/homework/hw03(ex)/_build/check
1/1 Testing: check
1/1 Test: check
Command: "" "-s" "-r" "compact" "--use-colour" "yes"
Directory: /Users/macbook/workspace/homework/hw03(ex)/_build
"check" start time: 
Output:
----------------------------------------------------------
<end of output>
Test time =   0.00 sec
----------------------------------------------------------
Test Passed.
"check" end time: Nov 20 18:52 MSK
"check" time elapsed: 00:00:00
----------------------------------------------------------

End testing: Nov 20 18:52 MSK
